"../../../GW_DD/Content/StarterContent/Blueprints/Assets/FogBrightnessLUT.uasset" 0
"../../../GW_DD/Content/StarterContent/Blueprints/Assets/SunlightColorLUT.uasset" 1
"../../../GW_DD/Content/StarterContent/Blueprints/Assets/M_LightStage_Arrows.uasset" 2
"../../../Engine/Content/MapTemplates/Sky/DaylightAmbientCubemap.uasset" 3
"../../../GW_DD/Content/StarterContent/Blueprints/Assets/M_LightStage_Skybox_Master.uasset" 4
"../../../GW_DD/Content/StarterContent/Blueprints/Assets/M_LightStage_Skybox_Black.uasset" 5
"../../../GW_DD/Content/StarterContent/Blueprints/Assets/M_LightStage_Skybox_HDRI.uasset" 6
"../../../Engine/Content/EditorMaterials/Thumbnails/SkySphereMaterial.uasset" 7
"../../../GW_DD/Content/StarterContent/Blueprints/Assets/Skybox.uasset" 8
"../../../Engine/Content/Functions/Engine_MaterialFunctions01/Opacity/CameraDepthFade.uasset" 9
"../../../Engine/Content/EngineMaterials/T_Default_Material_Grid_M.uasset" 10
"../../../Engine/Content/EngineMaterials/T_Default_Material_Grid_N.uasset" 11
"../../../Engine/Content/EngineMaterials/WorldGridMaterial.uasset" 12
"../../../GW_DD/Content/StarterContent/Blueprints/Assets/SM_Arrows.uasset" 13
"../../../GW_DD/Content/StarterContent/HDRI/HDRI_Epic_Courtyard_Daylight.uasset" 14
"../../../GW_DD/Content/StarterContent/Blueprints/BP_LightStudio.uasset" 15
"../../../GW_DD/Content/Maps/Floor/BlackStone_M.uasset" 16
"../../../GW_DD/Content/StarterContent/Textures/T_Detail_Rocky_N.uasset" 17
"../../../GW_DD/Content/Assets/Materials/MAIN.uasset" 18
"../../../GW_DD/Content/Assets/Materials/Barrier_Concrete/Barrier_Concrete_BaseColor.uasset" 19
"../../../GW_DD/Content/Assets/Materials/Barrier_Concrete/Barrier_Concrete_BaseValues.uasset" 20
"../../../GW_DD/Content/Assets/Materials/Barrier_Concrete/Barrier_Concrete_Normal.uasset" 21
"../../../GW_DD/Content/Assets/Materials/MI_Barrier_Concrete.uasset" 22
"../../../GW_DD/Content/Physics/Concrete.uasset" 23
"../../../GW_DD/Content/Assets/Barrier_Concrete.uasset" 24
"../../../GW_DD/Content/Assets/Barrier_Concrete_DM.uasset" 25
"../../../GW_DD/Content/Blueprints/BP_Barrier_Concrete_DM.uasset" 26
"../../../GW_DD/Content/Assets/Visuals/Hood/Hood_Tex_Test_BaseColor.uasset" 27
"../../../GW_DD/Content/Assets/Visuals/Hood/Hood_Tex_Test_Normal.uasset" 28
"../../../GW_DD/Content/Assets/Visuals/Hood/Hood_Tex_Test_Values.uasset" 29
"../../../GW_DD/Content/Assets/Visuals/Hood/Mask_Hood.uasset" 30
"../../../GW_DD/Content/Maps/Damage/Bitmap2Material_3_Normal.uasset" 31
"../../../GW_DD/Content/Maps/Damage/Damage_Mask.uasset" 32
"../../../GW_DD/Content/Maps/Damage/Normalfolds.uasset" 33
"../../../GW_DD/Content/Assets/Visuals/Hood/MI_Hood.uasset" 34
"../../../GW_DD/Content/Assets/Visuals/Hood/Hood_Tex_Test_PhysicsAsset.uasset" 35
"../../../GW_DD/Content/Assets/Visuals/Hood/Hood_Tex_Test_Skeleton.uasset" 36
"../../../GW_DD/Content/Assets/Visuals/Hood_Tex_Test.uasset" 37
"../../../GW_DD/Content/Assets/Visuals/MAT_Main.uasset" 38
"../../../GW_DD/Content/Assets/Environment/Brick/Brick_BaseColor.uasset" 39
"../../../GW_DD/Content/Assets/Environment/Brick/Brick_BaseValues.uasset" 40
"../../../GW_DD/Content/Assets/Environment/Brick/Brick_Normal.uasset" 41
"../../../GW_DD/Content/Assets/Environment/Brick/MI_Brick.uasset" 42
"../../../GW_DD/Content/Assets/Environment/Brick.uasset" 43
"../../../GW_DD/Content/Sounds/Bricksound.uasset" 44
"../../../GW_DD/Content/Sounds/Default_Attenuation.uasset" 45
"../../../GW_DD/Content/Blueprints/BP_Brick.uasset" 46
"../../../Engine/Content/EditorBlueprintResources/StandardMacros.uasset" 47
"../../../Engine/Content/Functions/Engine_MaterialFunctions02/ExampleContent/Textures/newhplaneLightingMap.uasset" 48
"../../../Engine/Content/Functions/Engine_MaterialFunctions02/HueShift.uasset" 49
"../../../GW_DD/Content/Maps/image2015-2-27_19-4-18.uasset" 50
"../../../GW_DD/Content/Maps/Teapot/Teapot_DefaultMaterial_AmbientOcclusion.uasset" 51
"../../../GW_DD/Content/Shaders/MF_CarPaint.uasset" 52
"../../../GW_DD/Content/Shaders/MF_Dust.uasset" 53
"../../../GW_DD/Content/Assets/Visuals/Engine/Engine_LO_DefaultMaterial_BaseColor.uasset" 54
"../../../GW_DD/Content/Assets/Visuals/Engine/Engine_LO_DefaultMaterial_Normal.uasset" 55
"../../../GW_DD/Content/Assets/Visuals/Engine/Engine_LO_DefaultMaterial_RoughnessMetallic.uasset" 56
"../../../GW_DD/Content/Assets/Visuals/Engine/MI_Engine.uasset" 57
"../../../GW_DD/Content/Assets/Visuals/Engine_LO.uasset" 58
"../../../GW_DD/Content/Assets/Teapot.uasset" 59
"../../../GW_DD/Content/Shaders/MAT_CarpaintWear.uasset" 60
"../../../Engine/Content/Functions/Engine_MaterialFunctions02/Fresnel_Function.uasset" 61
"../../../GW_DD/Content/Shaders/MAT_CarGlass.uasset" 62
"../../../GW_DD/Content/Shaders/MI_CarGlass.uasset" 63
"../../../GW_DD/Content/Assets/Sphere.uasset" 64
"../../../GW_DD/Content/Sounds/small_ice_chunk_impact_with_surface_and_break_002.uasset" 65
"../../../GW_DD/Content/Blueprints/BP_Box.uasset" 66
"../../../Engine/Content/BasicShapes/BasicShapeMaterial.uasset" 67
"../../../GW_DD/Content/Shaders/MAT_CarpaintWear_2.uasset" 68
"../../../GW_DD/Content/Assets/Car_Mesh_Test_1.uasset" 69
"../../../GW_DD/Content/Shaders/MI_Carpaint_Wear_2.uasset" 70
"../../../Engine/Content/BasicShapes/Cube.uasset" 71
"../../../Engine/Content/EngineMaterials/DefaultMaterial.uasset" 72
"../../../Engine/Content/BasicShapes/Sphere.uasset" 73
"../../../GW_DD/Content/Shaders/MI_Box.uasset" 74
"../../../GW_DD/Content/Assets/Hood_Rig_Test_2_PhysicsAsset.uasset" 75
"../../../GW_DD/Content/Assets/Hood_Rig_Test_2_Skeleton.uasset" 76
"../../../GW_DD/Content/Assets/Hood_Rig_Test_2.uasset" 77
"../../../GW_DD/Content/Blueprints/PlateBP_1.uasset" 78
"../../../GW_DD/Content/Assets/CarParts/Window_Front_Door.uasset" 79
"../../../GW_DD/Content/Assets/CarParts/Window_Front_Door_DM.uasset" 80
"../../../GW_DD/Content/Assets/CarParts/Windshield.uasset" 81
"../../../GW_DD/Content/Assets/CarParts/Windshield_DM.uasset" 82
"../../../GW_DD/Content/Shaders/MAT_Black.uasset" 83
"../../../GW_DD/Content/StarterContent/Textures/T_MacroVariation.uasset" 84
"../../../GW_DD/Content/StarterContent/Textures/T_Metal_Steel_D.uasset" 85
"../../../GW_DD/Content/StarterContent/Textures/T_Metal_Steel_N.uasset" 86
"../../../GW_DD/Content/StarterContent/Materials/M_Metal_Steel.uasset" 87
"../../../GW_DD/Content/Assets/Visuals/Car_Door_Right_Back/Car_Door_Right_Back_BaseColor.uasset" 88
"../../../GW_DD/Content/Assets/Visuals/Car_Door_Right_Back/Car_Door_Right_Back_BaseValues.uasset" 89
"../../../GW_DD/Content/Assets/Visuals/Car_Door_Right_Back/Car_Door_Right_Back_Normal.uasset" 90
"../../../GW_DD/Content/Assets/Visuals/Car_Door_Right_Back/Mask_DoorRightBack.uasset" 91
"../../../GW_DD/Content/Assets/Visuals/Car_Door_Right_Back/M_Car_Door_Right_Back.uasset" 92
"../../../GW_DD/Content/Assets/Visuals/Car_Trunk/Car_Trunk_BaseColor.uasset" 93
"../../../GW_DD/Content/Assets/Visuals/Car_Trunk/Car_Trunk_BaseValues.uasset" 94
"../../../GW_DD/Content/Assets/Visuals/Car_Trunk/Car_Trunk_Normal.uasset" 95
"../../../GW_DD/Content/Assets/Visuals/Car_Trunk/Mask_Trunk.uasset" 96
"../../../GW_DD/Content/Assets/Visuals/Car_Trunk/MI_Trunk.uasset" 97
"../../../GW_DD/Content/Assets/Visuals/Fend_Left/Fend_Left_Tex_BaseColor.uasset" 98
"../../../GW_DD/Content/Assets/Visuals/Fend_Left/Fend_Left_Tex_Normal.uasset" 99
"../../../GW_DD/Content/Assets/Visuals/Fend_Left/Fend_Left_Tex_Values.uasset" 100
"../../../GW_DD/Content/Assets/Visuals/Fend_Left/Mask_FendLeft.uasset" 101
"../../../GW_DD/Content/Assets/Visuals/Fend_Left/MI_Fend_Left.uasset" 102
"../../../GW_DD/Content/Assets/Visuals/Fend_Right/Fend_Right_Tex_BaseColor.uasset" 103
"../../../GW_DD/Content/Assets/Visuals/Fend_Right/Fend_Right_Tex_Normal.uasset" 104
"../../../GW_DD/Content/Assets/Visuals/Fend_Right/Fend_Right_Tex_Values.uasset" 105
"../../../GW_DD/Content/Assets/Visuals/Fend_Right/Mask_FendRight.uasset" 106
"../../../GW_DD/Content/Assets/Visuals/Fend_Right/MI_Fend_Right.uasset" 107
"../../../GW_DD/Content/Assets/Visuals/Wheel/Wheel_LO_DefaultMaterial_BaseColor.uasset" 108
"../../../GW_DD/Content/Assets/Visuals/Wheel/Wheel_LO_DefaultMaterial_Normal.uasset" 109
"../../../GW_DD/Content/Assets/Visuals/Wheel/Wheel_LO_DefaultMaterial_RoughnessMetallic.uasset" 110
"../../../GW_DD/Content/Physics/Rubber.uasset" 111
"../../../GW_DD/Content/Assets/Visuals/Wheel/MI_Wheel.uasset" 112
"../../../GW_DD/Content/Assets/CarParts/Bumper_Front_Mesh.uasset" 113
"../../../GW_DD/Content/Assets/CarParts/Car_Back_Mesh.uasset" 114
"../../../GW_DD/Content/Assets/CarParts/Car_Door_Left_Back_Mesh.uasset" 115
"../../../GW_DD/Content/Assets/CarParts/Car_Door_Left_Mesh.uasset" 116
"../../../GW_DD/Content/Assets/CarParts/Car_Door_Right_Back_Mesh.uasset" 117
"../../../GW_DD/Content/Assets/CarParts/Car_Door_Right_Mesh.uasset" 118
"../../../GW_DD/Content/Assets/CarParts/Car_Hood_Mesh.uasset" 119
"../../../GW_DD/Content/Assets/CarParts/Car_LeftFend_Mesh.uasset" 120
"../../../GW_DD/Content/Assets/CarParts/Car_RightFend_Mesh.uasset" 121
"../../../GW_DD/Content/Assets/CarParts/Car_Top_Mesh_New.uasset" 122
"../../../GW_DD/Content/Assets/CarParts/Car_Trunk_Mesh.uasset" 123
"../../../GW_DD/Content/Assets/CarParts/Front_Fend_Mesh.uasset" 124
"../../../GW_DD/Content/Assets/Visuals/Bumper/Bumper_Front_Tex_BaseColor.uasset" 125
"../../../GW_DD/Content/Assets/Visuals/Bumper/Bumper_Front_Tex_Normal.uasset" 126
"../../../GW_DD/Content/Assets/Visuals/Bumper/Bumper_Front_Tex_Values.uasset" 127
"../../../GW_DD/Content/Assets/Visuals/Bumper/MI_Bumper.uasset" 128
"../../../GW_DD/Content/Assets/Visuals/Bumper/Bumper_Front_Tex_PhysicsAsset.uasset" 129
"../../../GW_DD/Content/Assets/Visuals/Bumper/Bumper_Front_Tex_Skeleton.uasset" 130
"../../../GW_DD/Content/Assets/Visuals/Bumper_Front_Tex.uasset" 131
"../../../GW_DD/Content/Assets/Visuals/Car_Back/Car_Back_BaseColor.uasset" 132
"../../../GW_DD/Content/Assets/Visuals/Car_Back/Car_Back_BaseValues.uasset" 133
"../../../GW_DD/Content/Assets/Visuals/Car_Back/Car_Back_Normal.uasset" 134
"../../../GW_DD/Content/Assets/Visuals/Car_Back/Mask_Back.uasset" 135
"../../../GW_DD/Content/Assets/Visuals/Car_Back/MI_Car_Back.uasset" 136
"../../../GW_DD/Content/Assets/CarParts/Car_Back_Skeleton.uasset" 137
"../../../GW_DD/Content/Assets/CarParts/Car_Back.uasset" 138
"../../../GW_DD/Content/Assets/CarParts/Car_Back_PhysicsAsset.uasset" 139
"../../../GW_DD/Content/Assets/Visuals/Car_Back.uasset" 140
"../../../GW_DD/Content/Assets/Visuals/Car_Door_Left/Car_Door_Left_BaseColor.uasset" 141
"../../../GW_DD/Content/Assets/Visuals/Car_Door_Left/Car_Door_Left_BaseValues.uasset" 142
"../../../GW_DD/Content/Assets/Visuals/Car_Door_Left/Car_Door_Left_Normal.uasset" 143
"../../../GW_DD/Content/Assets/Visuals/Car_Door_Left/Mask_DoorLeft.uasset" 144
"../../../GW_DD/Content/Assets/Visuals/Car_Door_Left/MI_Car_Door_Left.uasset" 145
"../../../GW_DD/Content/Assets/Visuals/Car_Door_Left/Car_Door_Left_PhysicsAsset.uasset" 146
"../../../GW_DD/Content/Assets/Visuals/Car_Door_Left/Car_Door_Left_Skeleton.uasset" 147
"../../../GW_DD/Content/Assets/Visuals/Car_Door_Left.uasset" 148
"../../../GW_DD/Content/Assets/Visuals/Car_Door_Left_Back/Car_Door_Left_Back_BaseColor.uasset" 149
"../../../GW_DD/Content/Assets/Visuals/Car_Door_Left_Back/Car_Door_Left_Back_BaseValues.uasset" 150
"../../../GW_DD/Content/Assets/Visuals/Car_Door_Left_Back/Car_Door_Left_Back_Normal.uasset" 151
"../../../GW_DD/Content/Assets/Visuals/Car_Door_Left_Back/Mask_DoorLeftBack.uasset" 152
"../../../GW_DD/Content/Assets/Visuals/Car_Door_Left_Back/M_Car_Door_Left_Back.uasset" 153
"../../../GW_DD/Content/Assets/Visuals/Car_Door_Left_Back/Car_Door_Left_Back_PhysicsAsset.uasset" 154
"../../../GW_DD/Content/Assets/Visuals/Car_Door_Left_Back/Car_Door_Left_Back_Skeleton.uasset" 155
"../../../GW_DD/Content/Assets/Visuals/Car_Door_Left_Back.uasset" 156
"../../../GW_DD/Content/Assets/Visuals/Car_Door_Right/Car_Door_Right_BaseColor.uasset" 157
"../../../GW_DD/Content/Assets/Visuals/Car_Door_Right/Car_Door_Right_BaseValues.uasset" 158
"../../../GW_DD/Content/Assets/Visuals/Car_Door_Right/Car_Door_Right_Normal.uasset" 159
"../../../GW_DD/Content/Assets/Visuals/Car_Door_Right/Mask_DoorRight.uasset" 160
"../../../GW_DD/Content/Assets/Visuals/Car_Door_Right/MI_Car_Door_Right.uasset" 161
"../../../GW_DD/Content/Assets/Visuals/Car_Door_Right/Car_Door_Right_PhysicsAsset.uasset" 162
"../../../GW_DD/Content/Assets/Visuals/Car_Door_Right/Car_Door_Right_Skeleton.uasset" 163
"../../../GW_DD/Content/Assets/Visuals/Car_Door_Right.uasset" 164
"../../../GW_DD/Content/Assets/Visuals/Car_Door_Right_Back/Car_Door_Right_Back_PhysicsAsset.uasset" 165
"../../../GW_DD/Content/Assets/Visuals/Car_Door_Right_Back/Car_Door_Right_Back_Skeleton.uasset" 166
"../../../GW_DD/Content/Assets/Visuals/Car_Door_Right_Back.uasset" 167
"../../../GW_DD/Content/Assets/CarParts/Car_Trunk_Skeleton.uasset" 168
"../../../GW_DD/Content/Assets/CarParts/Car_Trunk.uasset" 169
"../../../GW_DD/Content/Assets/CarParts/Car_Trunk_PhysicsAsset.uasset" 170
"../../../GW_DD/Content/Assets/Visuals/Car_Trunk.uasset" 171
"../../../GW_DD/Content/Assets/Visuals/Bottom/CarBottom_BaseColor.uasset" 172
"../../../GW_DD/Content/Assets/Visuals/Bottom/CarBottom_BaseValues.uasset" 173
"../../../GW_DD/Content/Assets/Visuals/Bottom/CarBottom_Normal.uasset" 174
"../../../GW_DD/Content/Assets/Visuals/Bottom/MI_Bottom.uasset" 175
"../../../GW_DD/Content/Assets/Visuals/CarBottom.uasset" 176
"../../../GW_DD/Content/Assets/Visuals/Dashboard/Dashboard_Right_BaseColor.uasset" 177
"../../../GW_DD/Content/Assets/Visuals/Dashboard/Dashboard_Right_Normal.uasset" 178
"../../../GW_DD/Content/Assets/Visuals/Dashboard/Dashboard_Right_Values.uasset" 179
"../../../GW_DD/Content/Assets/Visuals/Dashboard/MI_Dashboard_Right.uasset" 180
"../../../GW_DD/Content/Assets/Visuals/Dashboard_Right.uasset" 181
"../../../GW_DD/Content/Assets/Visuals/Underside/Exhaust_BaseColor.uasset" 182
"../../../GW_DD/Content/Assets/Visuals/Underside/Exhaust_BaseValues.uasset" 183
"../../../GW_DD/Content/Assets/Visuals/Underside/Exhaust_Normal.uasset" 184
"../../../GW_DD/Content/Assets/Visuals/Underside/MI_Exhaust.uasset" 185
"../../../GW_DD/Content/Assets/Visuals/Exhaust.uasset" 186
"../../../GW_DD/Content/Assets/Visuals/Fend_Left/Fend_Left_Tex_PhysicsAsset.uasset" 187
"../../../GW_DD/Content/Assets/Visuals/Fend_Left/Fend_Left_Tex_Skeleton.uasset" 188
"../../../GW_DD/Content/Assets/Visuals/Fend_Left_Tex.uasset" 189
"../../../GW_DD/Content/Assets/Visuals/Fend_Right/Fend_Right_Tex_PhysicsAsset.uasset" 190
"../../../GW_DD/Content/Assets/Visuals/Fend_Right/Fend_Right_Tex_Skeleton.uasset" 191
"../../../GW_DD/Content/Assets/Visuals/Fend_Right_Tex.uasset" 192
"../../../GW_DD/Content/Assets/Visuals/Fend_Front/Front_Fend_BaseColor.uasset" 193
"../../../GW_DD/Content/Assets/Visuals/Fend_Front/Front_Fend_BaseValues.uasset" 194
"../../../GW_DD/Content/Assets/Visuals/Fend_Front/Front_Fend_Normal.uasset" 195
"../../../GW_DD/Content/Assets/Visuals/Fend_Front/MI_Fend_Front.uasset" 196
"../../../GW_DD/Content/Assets/CarParts/Front_Fend_Skeleton.uasset" 197
"../../../GW_DD/Content/Assets/CarParts/Front_Fend.uasset" 198
"../../../GW_DD/Content/Assets/CarParts/Front_Fend_PhysicsAsset.uasset" 199
"../../../GW_DD/Content/Assets/Visuals/Front_Fend.uasset" 200
"../../../GW_DD/Content/Assets/Visuals/Gauges/Gauge_BaseColor.uasset" 201
"../../../GW_DD/Content/Assets/Visuals/Gauges/Gauge_BaseValues.uasset" 202
"../../../GW_DD/Content/Assets/Visuals/Gauges/Gauge_Normal.uasset" 203
"../../../GW_DD/Content/Assets/Visuals/Gauges/MI_Gauges.uasset" 204
"../../../GW_DD/Content/Assets/Visuals/Gauge.uasset" 205
"../../../GW_DD/Content/Assets/Visuals/Grill/Grill_BaseColor.uasset" 206
"../../../GW_DD/Content/Assets/Visuals/Grill/Grill_Normal.uasset" 207
"../../../GW_DD/Content/Assets/Visuals/Grill/Grill_Values.uasset" 208
"../../../GW_DD/Content/Assets/Visuals/Grill/MI_Grill.uasset" 209
"../../../GW_DD/Content/Assets/Visuals/Grill.uasset" 210
"../../../GW_DD/Content/Assets/Visuals/Light_Back/Light_Back_BaseColor.uasset" 211
"../../../GW_DD/Content/Assets/Visuals/Light_Back/Light_Back_BaseValues.uasset" 212
"../../../GW_DD/Content/Assets/Visuals/Light_Back/Light_Back_Normal.uasset" 213
"../../../GW_DD/Content/Assets/Visuals/Light_Back/MI_Light_Back.uasset" 214
"../../../GW_DD/Content/Assets/Visuals/Light_Back.uasset" 215
"../../../GW_DD/Content/Assets/Visuals/Light/Light_L_BaseColor.uasset" 216
"../../../GW_DD/Content/Assets/Visuals/Light/Light_L_Normal.uasset" 217
"../../../GW_DD/Content/Assets/Visuals/Light/Light_L_Values.uasset" 218
"../../../GW_DD/Content/Assets/Visuals/Light/MI_Light.uasset" 219
"../../../GW_DD/Content/Assets/Visuals/Light_L.uasset" 220
"../../../GW_DD/Content/Assets/Visuals/Underside/Plate_BaseColor.uasset" 221
"../../../GW_DD/Content/Assets/Visuals/Underside/Plate_BaseValues.uasset" 222
"../../../GW_DD/Content/Assets/Visuals/Underside/Plate_Normal.uasset" 223
"../../../GW_DD/Content/Assets/Visuals/Underside/MI_Plate.uasset" 224
"../../../GW_DD/Content/Assets/Visuals/Plate.uasset" 225
"../../../GW_DD/Content/Assets/Visuals/Seat/Seat_BaseColor.uasset" 226
"../../../GW_DD/Content/Assets/Visuals/Seat/Seat_Normal.uasset" 227
"../../../GW_DD/Content/Assets/Visuals/Seat/Seat_Values.uasset" 228
"../../../GW_DD/Content/Assets/Visuals/Seat/MI_Seat.uasset" 229
"../../../GW_DD/Content/Assets/Visuals/Seat.uasset" 230
"../../../GW_DD/Content/Assets/Visuals/Seat_top.uasset" 231
"../../../GW_DD/Content/Assets/Visuals/ShifterMiddle/ShifterMiddle_BaseColor.uasset" 232
"../../../GW_DD/Content/Assets/Visuals/ShifterMiddle/ShifterMiddle_Normal.uasset" 233
"../../../GW_DD/Content/Assets/Visuals/ShifterMiddle/ShifterMiddle_Values.uasset" 234
"../../../GW_DD/Content/Assets/Visuals/ShifterMiddle/MI_ShifterMiddle.uasset" 235
"../../../GW_DD/Content/Assets/Visuals/ShifterMiddle/ShifterMiddle_Physics.uasset" 236
"../../../GW_DD/Content/Assets/Visuals/ShifterMiddle/ShifterMiddle_Skeleton.uasset" 237
"../../../GW_DD/Content/Assets/Visuals/ShifterMiddle.uasset" 238
"../../../GW_DD/Content/Assets/Visuals/SteeringWheel/SteeringWheel_BaseColor.uasset" 239
"../../../GW_DD/Content/Assets/Visuals/SteeringWheel/SteeringWheel_BaseValues.uasset" 240
"../../../GW_DD/Content/Assets/Visuals/SteeringWheel/SteeringWheel_Normal.uasset" 241
"../../../GW_DD/Content/Assets/Visuals/SteeringWheel/MI_Steeringwheel.uasset" 242
"../../../GW_DD/Content/Assets/Visuals/SteeringWheel.uasset" 243
"../../../GW_DD/Content/Assets/Visuals/Top/Mask_Top.uasset" 244
"../../../GW_DD/Content/Assets/Visuals/Top/Top_Tex_BaseColor.uasset" 245
"../../../GW_DD/Content/Assets/Visuals/Top/Top_Tex_BaseValues.uasset" 246
"../../../GW_DD/Content/Assets/Visuals/Top/Top_Tex_Normal.uasset" 247
"../../../GW_DD/Content/Assets/Visuals/Top/MI_Top.uasset" 248
"../../../GW_DD/Content/Assets/Visuals/Top/Top_Tex_PhysicsAsset.uasset" 249
"../../../GW_DD/Content/Assets/Visuals/Top/Top_Tex_Skeleton.uasset" 250
"../../../GW_DD/Content/Assets/Visuals/Top_Tex.uasset" 251
"../../../GW_DD/Content/Assets/Visuals/Underside/Underside_1_BaseColor.uasset" 252
"../../../GW_DD/Content/Assets/Visuals/Underside/Underside_1_BaseValues.uasset" 253
"../../../GW_DD/Content/Assets/Visuals/Underside/Underside_1_Normal.uasset" 254
"../../../GW_DD/Content/Assets/Visuals/Underside/MI_Underside.uasset" 255
"../../../GW_DD/Content/Assets/Visuals/Underside_1.uasset" 256
"../../../GW_DD/Content/Assets/Visuals/Wheel_LO.uasset" 257
"../../../GW_DD/Content/Assets/Visuals/Wheelhouse/Wheelhouse_Right_Front_BaseColor.uasset" 258
"../../../GW_DD/Content/Assets/Visuals/Wheelhouse/Wheelhouse_Right_Front_BaseValues.uasset" 259
"../../../GW_DD/Content/Assets/Visuals/Wheelhouse/Wheelhouse_Right_Front_Normal.uasset" 260
"../../../GW_DD/Content/Assets/Visuals/Wheelhouse/MI_Wheelhouse_Right.uasset" 261
"../../../GW_DD/Content/Assets/Visuals/Wheelhouse_Left_Front.uasset" 262
"../../../GW_DD/Content/Assets/Visuals/Wheelhouse/Wheelhouse_Left_Front_BaseColor.uasset" 263
"../../../GW_DD/Content/Assets/Visuals/Wheelhouse/Wheelhouse_Left_Front_BaseValues.uasset" 264
"../../../GW_DD/Content/Assets/Visuals/Wheelhouse/Wheelhouse_Left_Front_Normal.uasset" 265
"../../../GW_DD/Content/Assets/Visuals/Wheelhouse/MI_Wheelhouse_Left.uasset" 266
"../../../GW_DD/Content/Assets/Visuals/Wheelhouse_Right_Front.uasset" 267
"../../../GW_DD/Content/Particles/DestructionParticles/Particle_1.uasset" 268
"../../../GW_DD/Content/Particles/DestructionParticles/Particle_2.uasset" 269
"../../../GW_DD/Content/Particles/DestructionParticles/Particle_3.uasset" 270
"../../../GW_DD/Content/Particles/DestructionParticles/P_DestructionParticle.uasset" 271
"../../../GW_DD/Content/Sounds/impact_glass_window_smash_005.uasset" 272
"../../../GW_DD/Content/Sounds/impact_glass_window_smash_008.uasset" 273
"../../../GW_DD/Content/Sounds/Metal_Creek.uasset" 274
"../../../GW_DD/Content/Sounds/metal_glass_crash_short_1_.uasset" 275
"../../../GW_DD/Content/Sounds/vehicle_crash_large_.uasset" 276
"../../../GW_DD/Content/Sounds/vehicle_crash_large_debris.uasset" 277
"../../../GW_DD/Content/Sounds/vehicle_crash_large_debris_and_glass.uasset" 278
"../../../GW_DD/Content/Sounds/vehicle_crash_small_.uasset" 279
"../../../GW_DD/Content/StarterContent/Audio/Explosion02.uasset" 280
"../../../GW_DD/Content/StarterContent/Audio/Fire01.uasset" 281
"../../../GW_DD/Content/StarterContent/Textures/T_Burst_M.uasset" 282
"../../../GW_DD/Content/StarterContent/Particles/Materials/M_Burst.uasset" 283
"../../../GW_DD/Content/StarterContent/Textures/T_Explosion_SubUV.uasset" 284
"../../../GW_DD/Content/StarterContent/Particles/Materials/M_explosion_subUV.uasset" 285
"../../../GW_DD/Content/StarterContent/Particles/Materials/m_flare_01.uasset" 286
"../../../Engine/Content/Functions/Engine_MaterialFunctions01/Gradient/RadialGradient.uasset" 287
"../../../GW_DD/Content/StarterContent/Particles/Materials/M_radial_ramp.uasset" 288
"../../../GW_DD/Content/StarterContent/Textures/T_Smoke_SubUV.uasset" 289
"../../../GW_DD/Content/StarterContent/Textures/T_Smoke_Tiled_D.uasset" 290
"../../../GW_DD/Content/StarterContent/Particles/Materials/M_smoke_subUV.uasset" 291
"../../../GW_DD/Content/StarterContent/Particles/P_Explosion.uasset" 292
"../../../GW_DD/Content/StarterContent/Textures/T_Fire_SubUV.uasset" 293
"../../../GW_DD/Content/StarterContent/Textures/T_Fire_Tiled_D.uasset" 294
"../../../GW_DD/Content/StarterContent/Particles/Materials/M_Fire_SubUV.uasset" 295
"../../../GW_DD/Content/StarterContent/Textures/T_Water_N.uasset" 296
"../../../GW_DD/Content/StarterContent/Particles/Materials/M_Heat_Distortion.uasset" 297
"../../../GW_DD/Content/StarterContent/Particles/Materials/M_Radial_Gradient.uasset" 298
"../../../GW_DD/Content/StarterContent/Particles/P_Fire.uasset" 299
"../../../GW_DD/Content/Blueprints/BP_Car.uasset" 300
"../../../GW_DD/Content/Blueprints/BP_Car_Closed.uasset" 301
"../../../GW_DD/Content/Shaders/MAT_Light.uasset" 302
"../../../GW_DD/Content/Shaders/MI_Light.uasset" 303
"../../../GW_DD/Content/Assets/Environment/Spotlight/Spotlight_BaseColor.uasset" 304
"../../../GW_DD/Content/Assets/Environment/Spotlight/Spotlight_BaseValues.uasset" 305
"../../../GW_DD/Content/Assets/Environment/Spotlight/Spotlight_Normal.uasset" 306
"../../../GW_DD/Content/Assets/Environment/Spotlight/MI_Spotlight.uasset" 307
"../../../GW_DD/Content/Assets/Environment/Spotlight.uasset" 308
"../../../GW_DD/Content/StarterContent/Materials/M_Basic_Wall.uasset" 309
"../../../GW_DD/Content/StarterContent/Shapes/Shape_Cylinder.uasset" 310
"../../../GW_DD/Content/Blueprints/Environment/BP_Spotlight.uasset" 311
"../../../GW_DD/Content/Blueprints/Grinder.uasset" 312
"../../../GW_DD/Content/StarterContent/Architecture/Wall_400x200.uasset" 313
"../../../GW_DD/Content/StarterContent/Architecture/Wall_400x200_DM.uasset" 314
"../../../GW_DD/Content/Blueprints/BP_Wall_400x200_DM.uasset" 315
"../../../GW_DD/Content/Blueprints/ShootBlock.uasset" 316
"../../../GW_DD/Content/StarterContent/Textures/T_Concrete_Tiles_D.uasset" 317
"../../../GW_DD/Content/StarterContent/Textures/T_Concrete_Tiles_M.uasset" 318
"../../../GW_DD/Content/StarterContent/Textures/T_Concrete_Tiles_N.uasset" 319
"../../../GW_DD/Content/StarterContent/Textures/T_Concrete_Tiles_Variation_M.uasset" 320
"../../../GW_DD/Content/StarterContent/Materials/M_Concrete_Tiles.uasset" 321
"../../../GW_DD/Content/StarterContent/Textures/T_Tech_Panel_M.uasset" 322
"../../../GW_DD/Content/StarterContent/Textures/T_Tech_Panel_N.uasset" 323
"../../../GW_DD/Content/StarterContent/Materials/M_Tech_Panel.uasset" 324
"../../../GW_DD/Content/Assets/Environment/Plateau/Plateau_BaseColor_0.uasset" 325
"../../../GW_DD/Content/Assets/Environment/Plateau/Plateau_BaseValues_0.uasset" 326
"../../../GW_DD/Content/Assets/Environment/Plateau/Plateau_Normal_0.uasset" 327
"../../../GW_DD/Content/Assets/Environment/Plateau/MI_Plateau_Floor.uasset" 328
"../../../GW_DD/Content/Assets/Environment/Plateau/Plateau_BaseColor.uasset" 329
"../../../GW_DD/Content/Assets/Environment/Plateau/Plateau_BaseValues.uasset" 330
"../../../GW_DD/Content/Assets/Environment/Plateau/Plateau_Normal.uasset" 331
"../../../GW_DD/Content/Assets/Environment/Plateau/MI_Plateau_Rim.uasset" 332
"../../../GW_DD/Content/Assets/Environment/Plateau.uasset" 333
"../../../GW_DD/Content/HDRI/Tokyo_BigSight_3k.uasset" 334
"../../../GW_DD/Content/Maps/k2123676.uasset" 335
"../../../GW_DD/Content/StarterContent/Textures/T_Dust_Particle_D.uasset" 336
"../../../GW_DD/Content/StarterContent/Particles/Materials/M_Dust_Particle.uasset" 337
"../../../GW_DD/Content/StarterContent/Particles/P_Ambient_Dust.uasset" 338
"../../../GW_DD/Content/Levels/Main.umap" 339
"../../../GW_DD/Content/HDRI/Factory_Catwalk_2k.uasset" 340
"../../../GW_DD/Content/Levels/Present.umap" 341
"../../../Engine/Content/EngineFonts/Roboto.uasset" 342
"../../../Engine/Content/Functions/Engine_MaterialFunctions01/Shading/PowerToRoughness.uasset" 343
"../../../Engine/Content/EngineMaterials/DefaultDiffuse.uasset" 344
"../../../Engine/Content/EngineMaterials/DefaultDeferredDecalMaterial.uasset" 345
"../../../Engine/Content/EngineMaterials/DefaultLightFunctionMaterial.uasset" 346
"../../../Engine/Content/Functions/Engine_MaterialFunctions02/Utility/BreakOutFloat2Components.uasset" 347
"../../../Engine/Content/EngineMaterials/DefaultPostProcessMaterial.uasset" 348
"../../../Engine/Content/EngineResources/DefaultTexture.uasset" 349
"../../../Engine/Content/Functions/Engine_MaterialFunctions02/Texturing/ScreenAlignedUVs.uasset" 350
"../../../Engine/Content/EngineResources/WhiteSquareTexture.uasset" 351
"../../../Engine/Content/EngineMaterials/Widget3DPassThrough.uasset" 352
"../../../Engine/Content/EngineMaterials/Widget3DPassThrough_Translucent.uasset" 353
"../../../Engine/Content/EngineMaterials/Widget3DPassThrough_Translucent_OneSided.uasset" 354
"../../../Engine/Content/EngineMaterials/Widget3DPassThrough_Opaque.uasset" 355
"../../../Engine/Content/EngineMaterials/Widget3DPassThrough_Opaque_OneSided.uasset" 356
"../../../Engine/Content/EngineMaterials/Widget3DPassThrough_Masked.uasset" 357
"../../../Engine/Content/EngineMaterials/Widget3DPassThrough_Masked_OneSided.uasset" 358
"../../../Engine/Content/EditorResources/S_Actor.uasset" 359
"../../../Engine/Content/Maps/Templates/Thumbnails/Default.uasset" 360
"../../../Engine/Content/EditorMaterials/ParticleSystems/PSysThumbnail_NoImage.uasset" 361
"../../../Engine/Content/EditorMaterials/ParticleSystems/PSysThumbnail_OOD.uasset" 362
"../../../Engine/Content/EditorLandscapeResources/DataLayer.uasset" 363
"../../../Engine/Content/EngineDamageTypes/DmgTypeBP_Environmental.uasset" 364
"../../../Engine/Content/EngineMeshes/Sphere.uasset" 365
"../../../Engine/Content/EngineFonts/RobotoDistanceField.uasset" 366
"../../../Engine/Content/EngineMaterials/DefaultTextMaterialOpaque.uasset" 367
"../../../Engine/Content/EditorResources/S_Trigger.uasset" 368
"../../../Engine/Content/EngineResources/GradientTexture0.uasset" 369
"../../../Engine/Content/EngineResources/Black.uasset" 370
"../../../Engine/Content/EditorMaterials/MatineeGroups/MAT_Groups_Float.uasset" 371
"../../../Engine/Content/EditorMaterials/MatineeGroups/MAT_Groups_Director.uasset" 372
"../../../Engine/Content/EditorMaterials/MatineeGroups/MAT_Groups_Event.uasset" 373
"../../../Engine/Content/EditorMaterials/MatineeGroups/MAT_Groups_Anim.uasset" 374
"../../../Engine/Content/EditorMaterials/MatineeGroups/MAT_Groups_Fade.uasset" 375
"../../../Engine/Content/EditorMaterials/MatineeGroups/MAT_Groups_Move.uasset" 376
"../../../Engine/Content/EditorMaterials/MatineeGroups/MAT_Groups_Slomo.uasset" 377
"../../../Engine/Content/EditorMaterials/MatineeGroups/MAT_ColorTrack.uasset" 378
"../../../Engine/Content/EditorMaterials/MAT_Groups_Toggle.uasset" 379
"../../../Engine/Content/EditorMaterials/MatineeGroups/MAT_Groups_AudioMaster.uasset" 380
"../../../Engine/Content/EditorMaterials/MatineeGroups/MAT_Groups_Sound.uasset" 381
"../../../Engine/Content/EditorMaterials/MatineeGroups/MAT_Groups_Vector.uasset" 382
"../../../Engine/Content/EditorMaterials/MAT_Groups_Visibility.uasset" 383
"../../../Engine/Content/EngineResources/DefaultTextureCube.uasset" 384
"../../../Engine/Content/EngineMeshes/Cylinder.uasset" 385
"../../../Engine/Content/EngineTireTypes/DefaultTireType.uasset" 386
"../../../Engine/Content/EngineResources/AICON-Red.uasset" 387
"../../../Engine/Content/EngineResources/AICON-Green.uasset" 388
"../../../Engine/Content/Tutorial/Basics/LevelEditorAttract.uasset" 389
"../../../Engine/Content/Tutorial/Basics/TutorialAssets/icon_tab_Levels_40x.uasset" 390
"../../../Engine/Content/Tutorial/Basics/LevelEditorOverview.uasset" 391
"../../../Engine/Content/Tutorial/Installation/InstallingVisualStudioTutorial.uasset" 392
"../../../Engine/Content/Tutorial/ContentIntroCurve.uasset" 393
"../../../Engine/Plugins/2D/Paper2D/Content/PlaceholderTextures/DummySpriteTexture.uasset" 394
"../../../Engine/Plugins/2D/Paper2D/Content/DummySpriteTexture.uasset" 395
"../../../Engine/Plugins/2D/Paper2D/Content/DefaultSpriteMaterial.uasset" 396
"../../../Engine/Plugins/2D/Paper2D/Content/MaskedUnlitSpriteMaterial.uasset" 397
"../../../Engine/Plugins/2D/Paper2D/Content/OpaqueUnlitSpriteMaterial.uasset" 398
"../../../Engine/Plugins/2D/Paper2D/Content/DummySprite.uasset" 399
"../../../Engine/Plugins/2D/Paper2D/Content/DefaultPaperTerrainMaterial.uasset" 400
"../../../Engine/Plugins/Runtime/LeapMotionController/Content/LM_CapsuleMesh.uasset" 401
"../../../Engine/Plugins/Runtime/LeapMotionController/Content/LM_TorusMesh.uasset" 402
"../../../Engine/Plugins/Runtime/LeapMotionController/Content/LM_HandColor.uasset" 403
"../../../Engine/Plugins/Runtime/LeapMotionController/Content/LM_SampleDistortion.uasset" 404
"../../../Engine/Plugins/Runtime/LeapMotionController/Content/LM_TestTexture.uasset" 405
"../../../Engine/Plugins/Runtime/LeapMotionController/Content/LM_PassthroughMaterial.uasset" 406
"../../../Engine/Content/EngineMaterials/RemoveSurfaceMaterial.uasset" 407
"../../../Engine/Content/EngineDebugMaterials/DebugMeshMaterial.uasset" 408
"../../../Engine/Content/EngineMaterials/InvalidLightmapSettings.uasset" 409
"../../../Engine/Content/EngineMaterials/M_InvalidLightmapSettings.uasset" 410
"../../../Engine/Content/EditorMaterials/GizmoMaterial.uasset" 411
"../../../Engine/Content/EngineMaterials/Good64x64TilingNoiseHighFreq.uasset" 412
"../../../Engine/Content/EngineMaterials/DefaultBokeh.uasset" 413
"../../../Engine/Content/EngineMaterials/PreintegratedSkinBRDF.uasset" 414
"../../../Engine/Content/EngineMaterials/MiniFont.uasset" 415
"../../../Engine/Content/EngineMaterials/WeightMapPlaceholderTexture.uasset" 416
"../../../Engine/Content/EngineMaterials/DefaultPhysicalMaterial.uasset" 417
"../../../Engine/Content/EngineFonts/RobotoTiny.uasset" 418
"../../../GW_DD/Content/StarterContent/Textures/T_Tech_Dot_M.uasset" 419
"../../../GW_DD/Content/StarterContent/Textures/T_Tech_Hex_Tile_M.uasset" 420
"../../../Engine/Content/MobileResources/HUD/MobileHUDDirectionPad2.uasset" 421
"../../../Engine/Content/MobileResources/HUD/MobileHUDButtonFire.uasset" 422
"../../../Engine/Content/MobileResources/HUD/MobileHUDButton1_off.uasset" 423
"../../../Engine/Content/MobileResources/HUD/MobileHUDButton3.uasset" 424
"../../../Engine/Content/MobileResources/HUD/MobileHUDDirectionStick.uasset" 425
"../../../GW_DD/Content/StarterContent/Shapes/Shape_Cone.uasset" 426
"../../../GW_DD/Content/StarterContent/Shapes/Shape_Cube.uasset" 427
"../../../GW_DD/Content/StarterContent/Textures/T_Brick_Clay_Beveled_D.uasset" 428
"../../../GW_DD/Content/StarterContent/Textures/T_Wood_Floor_Walnut_M.uasset" 429
"../../../Engine/Content/MobileResources/HUD/MobileHUDDirectionPad.uasset" 430
"../../../Engine/Content/MobileResources/HUD/T_Castle_ThumbstickInner.uasset" 431
"../../../GW_DD/Content/Assets/CarParts/Car_Top_Mesh.uasset" 432
"../../../GW_DD/Content/Assets/CarParts/Grill.uasset" 433
"../../../GW_DD/Content/Assets/CarParts/Left_Light.uasset" 434
"../../../GW_DD/Content/Assets/CarParts/Right_Light.uasset" 435
"../../../GW_DD/Content/StarterContent/Textures/T_Wood_Walnut_D.uasset" 436
"../../../Engine/Content/MobileResources/HUD/MobileHUDDirectionPad3.uasset" 437
"../../../Engine/Content/MobileResources/HUD/T_Castle_ThumbstickOutter.uasset" 438
"../../../GW_DD/Content/StarterContent/Textures/T_Rock_Slate_N.uasset" 439
"../../../GW_DD/Content/StarterContent/Textures/T_Single_Tile_N.uasset" 440
"../../../Engine/Content/MobileResources/HUD/MobileHUDButton2_on.uasset" 441
"../../../GW_DD/Content/Blueprints/BP_Car_Test_1.uasset" 442
"../../../GW_DD/Content/StarterContent/Audio/Steam01.uasset" 443
"../../../GW_DD/Content/StarterContent/Audio/Steam01_Cue.uasset" 444
"../../../GW_DD/Content/StarterContent/Audio/Smoke01.uasset" 445
"../../../GW_DD/Content/StarterContent/Audio/Smoke01_Cue.uasset" 446
"../../../GW_DD/Content/StarterContent/Audio/Fire_Sparks01.uasset" 447
"../../../GW_DD/Content/StarterContent/Audio/Fire_Sparks01_Cue.uasset" 448
"../../../GW_DD/Content/StarterContent/Audio/Fire01_Cue.uasset" 449
"../../../GW_DD/Content/Maps/Teapot/Teapot_DefaultMaterial_Thickness.uasset" 450
"../../../Engine/Content/EditorResources/EmptyActor.uasset" 451
"../../../Engine/Content/EditorResources/S_KBSJoint.uasset" 452
"../../../Engine/Content/EditorResources/S_KPrismatic.uasset" 453
"../../../Engine/Content/EditorResources/S_KHinge.uasset" 454
"../../../GW_DD/Content/StarterContent/Textures/T_Wood_Walnut_N.uasset" 455
"../../../GW_DD/Content/StarterContent/Textures/T_Frame_M.uasset" 456
"../../../GW_DD/Content/StarterContent/Textures/T_Frame_N.uasset" 457
"../../../GW_DD/Content/StarterContent/Props/Materials/M_Frame.uasset" 458
"../../../GW_DD/Content/StarterContent/Props/SM_PillarFrame.uasset" 459
"../../../GW_DD/Content/StarterContent/Props/Materials/M_MaterialSphere.uasset" 460
"../../../GW_DD/Content/StarterContent/Props/Materials/M_MaterialSphere_Plain.uasset" 461
"../../../GW_DD/Content/StarterContent/Props/SM_MatPreviewMesh_02.uasset" 462
"../../../GW_DD/Content/StarterContent/Textures/T_Lamp_M.uasset" 463
"../../../GW_DD/Content/StarterContent/Textures/T_Lamp_N.uasset" 464
"../../../GW_DD/Content/StarterContent/Props/Materials/M_Lamp.uasset" 465
"../../../GW_DD/Content/StarterContent/Props/SM_Lamp_Wall.uasset" 466
"../../../GW_DD/Content/StarterContent/Props/SM_Lamp_Ceiling.uasset" 467
"../../../GW_DD/Content/StarterContent/Materials/M_Glass.uasset" 468
"../../../GW_DD/Content/StarterContent/Props/SM_GlassWindow.uasset" 469
"../../../GW_DD/Content/StarterContent/Props/SM_DoorFrame.uasset" 470
"../../../GW_DD/Content/StarterContent/Textures/T_Door_M.uasset" 471
"../../../GW_DD/Content/StarterContent/Textures/T_Door_N.uasset" 472
"../../../GW_DD/Content/StarterContent/Props/Materials/M_Door.uasset" 473
"../../../GW_DD/Content/StarterContent/Props/SM_Door.uasset" 474
"../../../GW_DD/Content/StarterContent/Textures/T_Chair_M.uasset" 475
"../../../GW_DD/Content/StarterContent/Textures/T_Chair_N.uasset" 476
"../../../GW_DD/Content/StarterContent/Props/Materials/M_Chair.uasset" 477
"../../../GW_DD/Content/StarterContent/Props/SM_Couch.uasset" 478
"../../../GW_DD/Content/StarterContent/Props/SM_CornerFrame.uasset" 479
"../../../GW_DD/Content/StarterContent/Props/SM_Chair.uasset" 480
"../../../GW_DD/Content/StarterContent/Textures/T_Bush_D.uasset" 481
"../../../GW_DD/Content/StarterContent/Textures/T_Bush_N.uasset" 482
"../../../GW_DD/Content/StarterContent/Props/Materials/M_Bush.uasset" 483
"../../../GW_DD/Content/StarterContent/Props/SM_Bush.uasset" 484
"../../../GW_DD/Content/StarterContent/Props/MaterialSphere.uasset" 485
"../../../GW_DD/Content/StarterContent/Textures/T_CobbleStone_Pebble_N.uasset" 486
"../../../GW_DD/Content/StarterContent/Props/SM_WindowFrame.uasset" 487
"../../../GW_DD/Content/StarterContent/Textures/T_TableRound_M.uasset" 488
"../../../GW_DD/Content/StarterContent/Textures/T_TableRound_N.uasset" 489
"../../../GW_DD/Content/StarterContent/Props/Materials/M_TableRound.uasset" 490
"../../../GW_DD/Content/StarterContent/Props/SM_TableRound.uasset" 491
"../../../GW_DD/Content/StarterContent/Materials/M_Basic_Floor.uasset" 492
"../../../GW_DD/Content/StarterContent/Props/SM_Stairs.uasset" 493
"../../../GW_DD/Content/StarterContent/Textures/T_Shelf_M.uasset" 494
"../../../GW_DD/Content/StarterContent/Textures/T_Shelf_N.uasset" 495
"../../../GW_DD/Content/StarterContent/Props/Materials/M_Shelf.uasset" 496
"../../../GW_DD/Content/StarterContent/Props/SM_Shelf.uasset" 497
"../../../Engine/Content/Functions/Engine_MaterialFunctions02/Utility/BlendAngleCorrectedNormals.uasset" 498
"../../../GW_DD/Content/StarterContent/Textures/T_Rock_Basalt_D.uasset" 499
"../../../GW_DD/Content/StarterContent/Textures/T_RockMesh_M.uasset" 500
"../../../GW_DD/Content/StarterContent/Textures/T_RockMesh_N.uasset" 501
"../../../GW_DD/Content/StarterContent/Props/Materials/M_Rock.uasset" 502
"../../../GW_DD/Content/StarterContent/Props/SM_Rock.uasset" 503
"../../../GW_DD/Content/StarterContent/Props/SM_PillarFrame300.uasset" 504
"../../../GW_DD/Content/StarterContent/Shapes/Shape_Trim.uasset" 505
"../../../GW_DD/Content/StarterContent/Shapes/Shape_Torus.uasset" 506
"../../../GW_DD/Content/StarterContent/Shapes/Shape_Sphere.uasset" 507
"../../../GW_DD/Content/StarterContent/Shapes/Shape_QuadPyramid.uasset" 508
"../../../GW_DD/Content/StarterContent/Shapes/Shape_Plane.uasset" 509
"../../../GW_DD/Content/StarterContent/Shapes/Shape_Pipe_90.uasset" 510
"../../../GW_DD/Content/StarterContent/Shapes/Shape_Pipe_180.uasset" 511
"../../../GW_DD/Content/StarterContent/Shapes/Shape_Pipe.uasset" 512
"../../../GW_DD/Content/StarterContent/Shapes/Shape_NarrowCapsule.uasset" 513
"../../../GW_DD/Content/Maps/Teapot/Teapot_DefaultMaterial_Position.uasset" 514
"../../../GW_DD/Content/StarterContent/Textures/T_Metal_Aluminum_D.uasset" 515
"../../../GW_DD/Content/StarterContent/Textures/T_Brick_Clay_New_M.uasset" 516
"../../../GW_DD/Content/StarterContent/Textures/T_Ground_Gravel_D.uasset" 517
"../../../GW_DD/Content/StarterContent/Textures/T_Metal_Rust_N.uasset" 518
"../../../GW_DD/Content/StarterContent/Textures/T_CobbleStone_Smooth_D.uasset" 519
"../../../GW_DD/Content/StarterContent/Textures/T_Wood_Pine_D.uasset" 520
"../../../GW_DD/Content/StarterContent/Textures/T_Wood_Floor_Walnut_N.uasset" 521
"../../../GW_DD/Content/StarterContent/Textures/T_Wood_Oak_N.uasset" 522
"../../../GW_DD/Content/StarterContent/Textures/T_Ceramic_Tile_M.uasset" 523
"../../../GW_DD/Content/Maps/Damage/scratches.uasset" 524
"../../../GW_DD/Content/StarterContent/Textures/T_Brick_Clay_Beveled_N.uasset" 525
"../../../GW_DD/Content/StarterContent/Textures/T_CobbleStone_Smooth_N.uasset" 526
"../../../GW_DD/Content/StarterContent/Textures/T_Ground_Gravel_N.uasset" 527
"../../../GW_DD/Content/StarterContent/Textures/T_Rock_Basalt_N.uasset" 528
"../../../GW_DD/Content/StarterContent/Textures/T_Tech_Hex_Tile_N.uasset" 529
"../../../GW_DD/Content/StarterContent/Textures/T_Brick_Hewn_Stone_N.uasset" 530
"../../../GW_DD/Content/StarterContent/Textures/T_CobbleStone_Rough_D.uasset" 531
"../../../GW_DD/Content/StarterContent/Textures/T_Wood_Floor_Walnut_D.uasset" 532
"../../../GW_DD/Content/StarterContent/Textures/T_CobbleStone_Rough_N.uasset" 533
"../../../GW_DD/Content/StarterContent/Textures/T_Rock_Smooth_Granite_D.uasset" 534
"../../../GW_DD/Content/StarterContent/Textures/T_Wood_Oak_D.uasset" 535
"../../../GW_DD/Content/StarterContent/Textures/T_Concrete_Grime_D.uasset" 536
"../../../GW_DD/Content/StarterContent/Textures/T_ground_Moss_D.uasset" 537
"../../../GW_DD/Content/StarterContent/Shapes/Shape_Wedge_B.uasset" 538
"../../../GW_DD/Content/StarterContent/Shapes/Shape_Wedge_A.uasset" 539
"../../../GW_DD/Content/StarterContent/Shapes/Shape_Tube.uasset" 540
"../../../GW_DD/Content/StarterContent/Shapes/Shape_TriPyramid.uasset" 541
"../../../GW_DD/Content/StarterContent/Shapes/Shape_Trim_90_Out.uasset" 542
"../../../GW_DD/Content/StarterContent/Shapes/Shape_Trim_90_In.uasset" 543
"../../../GW_DD/Content/Maps/Teapot/Teapot_DefaultMaterial_MeshNormal.uasset" 544
"../../../GW_DD/Content/Maps/Lens_Flare_Mask.uasset" 545
"../../../GW_DD/Content/StarterContent/Textures/T_Concrete_Poured_D.uasset" 546
"../../../GW_DD/Content/StarterContent/Textures/T_Rock_Marble_Polished_D.uasset" 547
"../../../GW_DD/Content/StarterContent/Textures/T_Wood_Pine_N.uasset" 548
"../../../GW_DD/Content/StarterContent/Textures/T_Rock_Slate_D.uasset" 549
"../../../Engine/Content/MobileResources/T_MobileMenu2.uasset" 550
"../../../GW_DD/Content/StarterContent/Textures/T_Ground_Grass_D.uasset" 551
"../../../GW_DD/Content/StarterContent/Textures/T_Spark_Core.uasset" 552
"../../../GW_DD/Content/Maps/Teapot/Teapot_DefaultMaterial_ID.uasset" 553
"../../../GW_DD/Content/StarterContent/Textures/T_Brick_Clay_Beveled_M.uasset" 554
"../../../GW_DD/Content/StarterContent/Textures/T_Concrete_Panels_N.uasset" 555
"../../../GW_DD/Content/StarterContent/Textures/T_Brick_Clay_Old_D.uasset" 556
"../../../GW_DD/Content/StarterContent/Textures/T_Brick_Cut_Stone_D.uasset" 557
"../../../GW_DD/Content/StarterContent/Textures/T_CobbleStone_Pebble_D.uasset" 558
"../../../GW_DD/Content/StarterContent/Textures/T_Tech_Dot_N.uasset" 559
"../../../GW_DD/Content/StarterContent/Textures/T_Gradinet_01.uasset" 560
"../../../GW_DD/Content/StarterContent/Textures/T_Concrete_Panels_D.uasset" 561
"../../../GW_DD/Content/StarterContent/Textures/T_Metal_Gold_N.uasset" 562
"../../../GW_DD/Content/Assets/Visuals/ShifterMiddle/ShifterMiddle_PhysicsAsset.uasset" 563
"../../../GW_DD/Content/StarterContent/Textures/T_Metal_Rust_D.uasset" 564
"../../../GW_DD/Content/StarterContent/Textures/T_Brick_Hewn_Stone_M.uasset" 565
"../../../GW_DD/Content/StarterContent/Textures/T_Ground_Moss_N.uasset" 566
"../../../GW_DD/Content/Maps/Teapot_AO.uasset" 567
"../../../GW_DD/Content/StarterContent/Textures/T_Brick_Clay_Old_N.uasset" 568
"../../../GW_DD/Content/StarterContent/Shapes/Shape_WideCapsule.uasset" 569
"../../../GW_DD/Content/Maps/Teapot/Teapot_DefaultMaterial_Curvature.uasset" 570
"../../../GW_DD/Content/StarterContent/Textures/T_Metal_Gold_D.uasset" 571
"../../../GW_DD/Content/StarterContent/Textures/T_Brick_Clay_New_D.uasset" 572
"../../../GW_DD/Content/StarterContent/Textures/T_Brick_Cut_Stone_N.uasset" 573
"../../../GW_DD/Content/StarterContent/Textures/T_Brick_Hewn_Stone_D.uasset" 574
"../../../GW_DD/Content/StarterContent/Textures/T_Rock_Sandstone_N.uasset" 575
"../../../GW_DD/Content/StarterContent/Textures/T_Metal_Copper_D.uasset" 576
"../../../GW_DD/Content/StarterContent/Textures/T_CobbleStone_Smooth_M.uasset" 577
"../../../GW_DD/Content/StarterContent/Textures/T_Brick_Clay_New_N.uasset" 578
"../../../GW_DD/Content/StarterContent/Textures/T_CobbleStone_Pebble_M.uasset" 579
"../../../GW_DD/Content/StarterContent/Textures/T_Rock_Sandstone_D.uasset" 580
"../../../GW_DD/Content/StarterContent/Textures/T_Concrete_Poured_N.uasset" 581
"../../../GW_DD/Content/StarterContent/Textures/T_Ground_Grass_N.uasset" 582
"../../../GW_DD/Content/StarterContent/Textures/T_Perlin_Noise_M.uasset" 583
"../../../Engine/Content/MobileResources/HUD/MobileHUDButton2_off.uasset" 584
"../../../GW_DD/Content/StarterContent/Textures/T_Checker_Noise_M.uasset" 585
"../../../GW_DD/Content/StarterContent/Textures/T_Ceramic_Tile_N.uasset" 586
"../../../Engine/Content/EditorMaterials/PhAT_JointLimitMaterial.uasset" 587
"../../../Engine/Content/EditorMaterials/PreviewShadowIndicator.uasset" 588
"../../../Engine/Content/EditorMaterials/PreviewShadowIndicatorMaterial.uasset" 589
"../../../Engine/Content/EditorMeshes/ColorCalibrator/M_ChromeBall.uasset" 590
"../../../Engine/Content/EditorMeshes/ColorCalibrator/M_ClearCoat.uasset" 591
"../../../Engine/Content/EditorMeshes/ColorCalibrator/M_ClearCoatBlack.uasset" 592
"../../../Engine/Content/EditorMeshes/ColorCalibrator/T_ColorGrid.uasset" 593
"../../../Engine/Content/EditorMeshes/ColorCalibrator/M_ColorGrid.uasset" 594
"../../../Engine/Content/EditorMeshes/ColorCalibrator/M_GreyBall.uasset" 595
"../../../Engine/Content/EditorMeshes/ColorCalibrator/SM_ColorCalibrator.uasset" 596
"../../../Engine/Content/EditorResources/BSPVertex.uasset" 597
"../../../Engine/Content/EngineDebugMaterials/HeatmapGradient.uasset" 598
"../../../Engine/Content/EngineDebugMaterials/BoneWeightMaterial.uasset" 599
"../../../Engine/Content/EngineDebugMaterials/GeomMaterial.uasset" 600
"../../../Engine/Content/Functions/Engine_MaterialFunctions01/Shading/ConvertFromDiffSpec.uasset" 601
"../../../Engine/Content/EngineDebugMaterials/LevelColorationLitMaterial.uasset" 602
"../../../Engine/Content/EngineDebugMaterials/LevelColorationUnlitMaterial.uasset" 603
"../../../Engine/Content/EngineMaterials/DefaultWhiteGrid.uasset" 604
"../../../Engine/Content/EngineDebugMaterials/MAT_LevelColorationLitLightmapUV.uasset" 605
"../../../Engine/Content/EngineDebugMaterials/ShadedLevelColorationLitMaterial.uasset" 606
"../../../Engine/Content/EngineDebugMaterials/ShadedLevelColorationUnlitMateri.uasset" 607
"../../../Engine/Content/EngineDebugMaterials/VertexColorMaterial.uasset" 608
"../../../Engine/Content/EngineDebugMaterials/VertexColorViewMode_AlphaAsColor.uasset" 609
"../../../Engine/Content/EngineDebugMaterials/VertexColorViewMode_BlueOnly.uasset" 610
"../../../Engine/Content/EngineDebugMaterials/VertexColorViewMode_ColorOnly.uasset" 611
"../../../Engine/Content/EngineDebugMaterials/VertexColorViewMode_GreenOnly.uasset" 612
"../../../Engine/Content/EngineDebugMaterials/VertexColorViewMode_RedOnly.uasset" 613
"../../../Engine/Content/EngineDebugMaterials/WireframeMaterial.uasset" 614
"../../../Engine/Content/EngineMaterials/EditorBrushMaterial.uasset" 615
"../../../Engine/Content/MobileResources/T_MobileControls_texture.uasset" 616
"../../../Engine/Content/MobileResources/HUD/AnalogHat.uasset" 617
"../../../Engine/Content/MobileResources/HUD/VirtualJoystick_Background.uasset" 618
"../../../Engine/Content/MobileResources/HUD/VirtualJoystick_Thumb.uasset" 619
"../../../Engine/Content/MobileResources/HUD/DefaultVirtualJoysticks.uasset" 620
"../../../Engine/Content/MobileResources/HUD/LeftVirtualJoystickOnly.uasset" 621
"../../../Engine/Content/MobileResources/HUD/MobileHUDButton1_on.uasset" 622
"../../../Engine/Content/Tutorial/BlueprintTutorials/TutorialAssets/Blueprint_64x.uasset" 623
"../../../Engine/Content/Tutorial/BlueprintTutorials/BlueprintEditorTutorial.uasset" 624
"../../../Engine/Content/Tutorial/BlueprintTutorials/TutorialAssets/BlueprintInterface_64x.uasset" 625
"../../../Engine/Content/Tutorial/BlueprintTutorials/TutorialAssets/Tutorial_BP_Interface.uasset" 626
"../../../Engine/Content/Tutorial/BlueprintTutorials/BlueprintInterfacesEditorOverview.uasset" 627
"../../../Engine/Content/Tutorial/BlueprintTutorials/TutorialAssets/BlueprintMacroLibrary_64x.uasset" 628
"../../../Engine/Content/Tutorial/BlueprintTutorials/TutorialAssets/Tutorial_BP_MacroLib.uasset" 629
"../../../Engine/Content/Tutorial/BlueprintTutorials/BlueprintMacroLibrariesEditorOverview.uasset" 630
"../../../Engine/Content/Tutorial/BlueprintTutorials/LevelBlueprintEditorOverview.uasset" 631
"../../../Engine/Content/Tutorial/Foliage/TutorialAssets/Foliage.uasset" 632
"../../../Engine/Content/Tutorial/Foliage/Foliage_Settings_Tutorial.uasset" 633
"../../../Engine/Content/Tutorial/Foliage/Foliage_Using_The_Tool_Tutorial.uasset" 634
"../../../Engine/Content/Tutorial/Foliage/Foliage_Intro_Tutorial.uasset" 635
"../../../Engine/Content/Tutorial/Landscape/TutorialAssets/Landscape.uasset" 636
"../../../Engine/Content/Tutorial/Landscape/Landscape_Painting_Mode.uasset" 637
"../../../Engine/Content/Tutorial/Landscape/Landscape_Sculpt_Mode.uasset" 638
"../../../Engine/Content/Tutorial/Landscape/Landscape_Manage_Mode.uasset" 639
"../../../Engine/Content/Tutorial/Paper2D/TutorialAssets/Paper2DFlipbook_TutorialIcon.uasset" 640
"../../../Engine/Content/Tutorial/Paper2D/FlipbookEditorTutorial.uasset" 641
"../../../Engine/Content/Tutorial/Paper2D/TutorialAssets/Paper2DSprite_TutorialIcon.uasset" 642
"../../../Engine/Content/Tutorial/Paper2D/SpriteEditorTutorial.uasset" 643
"../../../Engine/Content/EditorMeshes/EditorCube.uasset" 644
"../../../Engine/Content/Tutorial/SubEditors/TutorialAssets/Tutorial_DM.uasset" 645
"../../../Engine/Content/Tutorial/SubEditors/DestructibleMeshEditorTutorial.uasset" 646
"../../../Engine/Content/Tutorial/SubEditors/TutorialAssets/TutorialMaterial.uasset" 647
"../../../Engine/Content/Tutorial/SubEditors/MaterialEditorTutorial.uasset" 648
"../../../Engine/Content/Tutorial/SubEditors/TutorialAssets/T_SmokeSubUV_8X8.uasset" 649
"../../../Engine/Content/Tutorial/SubEditors/TutorialAssets/T_soft_smoke.uasset" 650
"../../../Engine/Content/Tutorial/SubEditors/TutorialAssets/M_smoke_subUV_blackbody.uasset" 651
"../../../Engine/Content/Tutorial/SubEditors/TutorialAssets/TutorialParticleSystem.uasset" 652
"../../../Engine/Content/Tutorial/SubEditors/ParticleSystemEditorTutorial.uasset" 653
"../../../Engine/Content/Tutorial/SubEditors/TutorialAssets/icon_ShowSkeletalMeshes_40x.uasset" 654
"../../../Engine/Content/Tutorial/SubEditors/TutorialAssets/Character/TutorialTPP_Mat.uasset" 655
"../../../Engine/Content/Tutorial/SubEditors/TutorialAssets/Character/TutorialTPP_PhysicsAsset.uasset" 656
"../../../Engine/Content/Tutorial/SubEditors/TutorialAssets/Character/TutorialTPP.uasset" 657
"../../../Engine/Content/Tutorial/SubEditors/TutorialAssets/Character/TutorialTPP_Skeleton.uasset" 658
"../../../Engine/Content/Tutorial/SubEditors/TutorialAssets/Character/Tutorial_Idle.uasset" 659
"../../../Engine/Content/Tutorial/SubEditors/TutorialAssets/Character/Tutorial_Walk_Fwd.uasset" 660
"../../../Engine/Content/Tutorial/SubEditors/TutorialAssets/Character/NewBlendSpace1D.uasset" 661
"../../../Engine/Content/Tutorial/SubEditors/TutorialAssets/Character/TutorialCharacter.uasset" 662
"../../../Engine/Content/Tutorial/SubEditors/TutorialAssets/Character/TutorialTPP_AnimBlueprint.uasset" 663
"../../../Engine/Content/Tutorial/SubEditors/PersonaAnimBlueprintEditorWalkthrough.uasset" 664
"../../../Engine/Content/Tutorial/SubEditors/PersonaAnimEditorWalkthrough.uasset" 665
"../../../Engine/Content/Tutorial/SubEditors/PersonaAnimEditorTutorial.uasset" 666
"../../../Engine/Content/EngineMeshes/Cube.uasset" 667
"../../../Engine/Content/Tutorial/SubEditors/StaticMeshEditorTutorial.uasset" 668
"../../../Engine/Content/Tutorial/SubEditors/TutorialAssets/icon_Editor_Preferences_General_40x.uasset" 669
"../../../GW_DD/Content/Maps/Teapot/Teapot_DefaultMaterial_WorldSpaceNormal.uasset" 670
"../../../GW_DD/Content/Physics/MetalPhysicsTest.uasset" 671
"../../../GW_DD/Content/Maps/Floor/BlackStone_A.uasset" 672
"../../../GW_DD/Content/Maps/Floor/BlackStone_AO.uasset" 673
"../../../GW_DD/Content/Maps/Floor/BlackStone_H.uasset" 674
"../../../GW_DD/Content/Maps/Floor/BlackStone_N.uasset" 675
"../../../GW_DD/Content/Maps/Floor/BlackStone_R.uasset" 676
"../../../GW_DD/Content/Maps/Floor/BlackStone_S.uasset" 677
"../../../GW_DD/Content/Shaders/Mat_Floor.uasset" 678
"../../../GW_DD/Content/Shaders/DistantFieldSoftBody.uasset" 679
"../../../GW_DD/Content/Shaders/Instance.uasset" 680
"../../../Engine/Content/Functions/Engine_MaterialFunctions01/Density/ExponentialDensity.uasset" 681
"../../../Engine/Content/Functions/Engine_MaterialFunctions01/Gradient/RadialGradientExponential.uasset" 682
"../../../GW_DD/Content/Shaders/MAT_SimplePArticle.uasset" 683
"../../../GW_DD/Content/HDRI/ChicagoLoop-SkyDome.uasset" 684
"../../../GW_DD/Content/Shaders/Sky_Material.uasset" 685
"../../../GW_DD/Content/Sounds/metal_glass_crash_short.uasset" 686
"../../../GW_DD/Content/StarterContent/Architecture/Floor_400x400.uasset" 687
"../../../GW_DD/Content/StarterContent/Materials/M_AssetPlatform.uasset" 688
"../../../GW_DD/Content/StarterContent/Architecture/SM_AssetPlatform.uasset" 689
"../../../GW_DD/Content/StarterContent/Architecture/Wall_Door_400x300.uasset" 690
"../../../GW_DD/Content/StarterContent/Architecture/Wall_Window_400x300.uasset" 691
"../../../GW_DD/Content/StarterContent/Audio/Explosion01.uasset" 692
"../../../GW_DD/Content/StarterContent/Audio/Explosion_Cue.uasset" 693
"../../../GW_DD/Content/StarterContent/Textures/T_Water_M.uasset" 694
